<?xml version="1.0" encoding="UTF-8"?>
<!-- Generated by org.testng.reporters.JUnitReportReporter -->
<testsuite skipped="0" hostname="Lenovo" name="com.testcases.SearchPage" tests="1" failures="0" timestamp="16 Dec 2020 11:00:19 GMT" time="42.356" errors="0">
  <testcase name="test" time="42.356" classname="com.testcases.SearchPage"/>
</testsuite> <!-- com.testcases.SearchPage -->
